# Logfile created on Tue Apr 01 15:04:11 -0300 2014 by logger.rb/1.2.6
I, [2014-04-01T15:04:11.169252 #3872]  INFO -- : 0:  addressable (2.3.6) from /home/80129498572/.rvm/gems/ruby-1.8.7-p374/specifications/addressable-2.3.6.gemspec
I, [2014-04-01T15:04:15.337466 #3872]  INFO -- : 0:  atomic (1.1.16) from /home/80129498572/.rvm/gems/ruby-1.8.7-p374/specifications/atomic-1.1.16.gemspec
I, [2014-04-01T15:04:16.238529 #3872]  INFO -- : 0:  buftok (0.2.0) from /home/80129498572/.rvm/gems/ruby-1.8.7-p374/specifications/buftok-0.2.0.gemspec
I, [2014-04-01T15:04:17.506979 #3872]  INFO -- : 0:  cookiejar (0.3.2) from /home/80129498572/.rvm/gems/ruby-1.8.7-p374/specifications/cookiejar-0.3.2.gemspec
I, [2014-04-01T15:04:19.059662 #3872]  INFO -- : 0:  daemons (1.1.9) from /home/80129498572/.rvm/gems/ruby-1.8.7-p374/specifications/daemons-1.1.9.gemspec
I, [2014-04-01T15:04:32.866846 #3872]  INFO -- : 0:  eventmachine (1.0.3) from /home/80129498572/.rvm/gems/ruby-1.8.7-p374/specifications/eventmachine-1.0.3.gemspec
I, [2014-04-01T15:04:34.487840 #3872]  INFO -- : 0:  em-socksify (0.3.0) from /home/80129498572/.rvm/gems/ruby-1.8.7-p374/specifications/em-socksify-0.3.0.gemspec
I, [2014-04-01T15:04:37.910469 #3872]  INFO -- : 0:  http_parser.rb (0.6.0) from /home/80129498572/.rvm/gems/ruby-1.8.7-p374/specifications/http_parser.rb-0.6.0.gemspec
I, [2014-04-01T15:04:40.571077 #3872]  INFO -- : 0:  em-http-request (1.1.2) from /home/80129498572/.rvm/gems/ruby-1.8.7-p374/specifications/em-http-request-1.1.2.gemspec
I, [2014-04-01T15:04:41.537112 #3872]  INFO -- : 0:  simple_oauth (0.2.0) from /home/80129498572/.rvm/gems/ruby-1.8.7-p374/specifications/simple_oauth-0.2.0.gemspec
I, [2014-04-01T15:04:42.889153 #3872]  INFO -- : 0:  em-twitter (0.3.3) from /home/80129498572/.rvm/gems/ruby-1.8.7-p374/specifications/em-twitter-0.3.3.gemspec
I, [2014-04-01T15:04:43.925324 #3872]  INFO -- : 0:  equalizer (0.0.9) from /home/80129498572/.rvm/gems/ruby-1.8.7-p374/specifications/equalizer-0.0.9.gemspec
I, [2014-04-01T15:04:44.873338 #3872]  INFO -- : 0:  multipart-post (2.0.0) from /home/80129498572/.rvm/gems/ruby-1.8.7-p374/specifications/multipart-post-2.0.0.gemspec
I, [2014-04-01T15:04:47.163595 #3872]  INFO -- : 0:  faraday (0.9.0) from /home/80129498572/.rvm/gems/ruby-1.8.7-p374/specifications/faraday-0.9.0.gemspec
I, [2014-04-01T15:04:48.595897 #3872]  INFO -- : 0:  http (0.5.0) from /home/80129498572/.rvm/gems/ruby-1.8.7-p374/specifications/http-0.5.0.gemspec
I, [2014-04-01T15:04:48.596578 #3872]  INFO -- : 0:  json (1.8.1) from /home/80129498572/.rvm/gems/ruby-1.8.7-p374/specifications/json-1.8.1.gemspec
I, [2014-04-01T15:04:51.014435 #3872]  INFO -- : 0:  thread_safe (0.3.1) from /home/80129498572/.rvm/gems/ruby-1.8.7-p374/specifications/thread_safe-0.3.1.gemspec
I, [2014-04-01T15:04:52.128708 #3872]  INFO -- : 0:  memoizable (0.4.2) from /home/80129498572/.rvm/gems/ruby-1.8.7-p374/specifications/memoizable-0.4.2.gemspec
I, [2014-04-01T15:04:53.218012 #3872]  INFO -- : 0:  multi_json (1.9.2) from /home/80129498572/.rvm/gems/ruby-1.8.7-p374/specifications/multi_json-1.9.2.gemspec
I, [2014-04-01T15:04:54.541761 #3872]  INFO -- : 0:  naught (1.0.0) from /home/80129498572/.rvm/gems/ruby-1.8.7-p374/specifications/naught-1.0.0.gemspec
I, [2014-04-01T15:04:57.832182 #3872]  INFO -- : 0:  twitter (5.8.0) from /home/80129498572/.rvm/gems/ruby-1.8.7-p374/specifications/twitter-5.8.0.gemspec
I, [2014-04-01T15:04:59.365999 #3872]  INFO -- : 0:  tweetstream (2.6.1) from /home/80129498572/.rvm/gems/ruby-1.8.7-p374/specifications/tweetstream-2.6.1.gemspec
I, [2014-04-01T15:04:59.366614 #3872]  INFO -- : 0:  bundler (1.5.1) from /home/80129498572/.rvm/gems/ruby-1.8.7-p374@global/specifications/bundler-1.5.1.gemspec
